<?xml version="1.0" encoding="UTF-8"?>
<coverage generated="1629896246698" clover="3.2.0">
  <project timestamp="1629896246699" name="All files">
    <metrics statements="17" coveredstatements="12" conditionals="0" coveredconditionals="0" methods="5" coveredmethods="4" elements="22" coveredelements="16" complexity="0" loc="17" ncloc="17" packages="3" files="5" classes="5"/>
    <package name="atom">
      <metrics statements="5" coveredstatements="2" conditionals="0" coveredconditionals="0" methods="2" coveredmethods="1"/>
      <file name="NewTask.vue" path="D:\GitHub\vue-project\src\components\atom\NewTask.vue">
        <metrics statements="5" coveredstatements="2" conditionals="0" coveredconditionals="0" methods="2" coveredmethods="1"/>
        <line num="12" count="2" type="stmt"/>
        <line num="17" count="2" type="stmt"/>
        <line num="26" count="0" type="stmt"/>
        <line num="27" count="0" type="stmt"/>
        <line num="28" count="0" type="stmt"/>
      </file>
    </package>
    <package name="molecule">
      <metrics statements="7" coveredstatements="5" conditionals="0" coveredconditionals="0" methods="3" coveredmethods="3"/>
      <file name="Radio.vue" path="D:\GitHub\vue-project\src\components\molecule\Radio.vue">
        <metrics statements="2" coveredstatements="2" conditionals="0" coveredconditionals="0" methods="1" coveredmethods="1"/>
        <line num="15" count="2" type="stmt"/>
        <line num="27" count="1" type="stmt"/>
      </file>
      <file name="TaskContainer.vue" path="D:\GitHub\vue-project\src\components\molecule\TaskContainer.vue">
        <metrics statements="5" coveredstatements="3" conditionals="0" coveredconditionals="0" methods="2" coveredmethods="2"/>
        <line num="17" count="2" type="stmt"/>
        <line num="29" count="1" type="stmt"/>
        <line num="30" count="0" type="stmt"/>
        <line num="34" count="1" type="stmt"/>
        <line num="35" count="0" type="stmt"/>
      </file>
    </package>
    <package name="organism">
      <metrics statements="5" coveredstatements="5" conditionals="0" coveredconditionals="0" methods="0" coveredmethods="0"/>
      <file name="Content.vue" path="D:\GitHub\vue-project\src\components\organism\Content.vue">
        <metrics statements="3" coveredstatements="3" conditionals="0" coveredconditionals="0" methods="0" coveredmethods="0"/>
        <line num="15" count="1" type="stmt"/>
        <line num="16" count="1" type="stmt"/>
        <line num="17" count="1" type="stmt"/>
      </file>
      <file name="Footer.vue" path="D:\GitHub\vue-project\src\components\organism\Footer.vue">
        <metrics statements="2" coveredstatements="2" conditionals="0" coveredconditionals="0" methods="0" coveredmethods="0"/>
        <line num="17" count="1" type="stmt"/>
        <line num="18" count="1" type="stmt"/>
      </file>
    </package>
  </project>
</coverage>
