{"D:\\GitHub\\vue-project\\src\\components\\atom\\NewTask.vue": {"path":"D:\\GitHub\\vue-project\\src\\components\\atom\\NewTask.vue","statementMap":{"0":{"start":{"line":12,"column":0},"end":{"line":12,"column":null}},"1":{"start":{"line":17,"column":0},"end":{"line":17,"column":null}},"2":{"start":{"line":26,"column":0},"end":{"line":26,"column":null}},"3":{"start":{"line":27,"column":0},"end":{"line":27,"column":null}},"4":{"start":{"line":28,"column":0},"end":{"line":28,"column":null}}},"fnMap":{"0":{"name":"(anonymous_1)","decl":{"start":{"line":16,"column":0},"end":{"line":16,"column":null}},"loc":{"start":{"line":16,"column":0},"end":{"line":20,"column":null}}},"1":{"name":"(anonymous_2)","decl":{"start":{"line":25,"column":0},"end":{"line":25,"column":null}},"loc":{"start":{"line":25,"column":0},"end":{"line":29,"column":null}}}},"branchMap":{},"s":{"0":2,"1":3,"2":1,"3":1,"4":1},"f":{"0":3,"1":1},"b":{}}
,"D:\\GitHub\\vue-project\\src\\components\\molecule\\Radio.vue": {"path":"D:\\GitHub\\vue-project\\src\\components\\molecule\\Radio.vue","statementMap":{"0":{"start":{"line":15,"column":0},"end":{"line":15,"column":null}},"1":{"start":{"line":27,"column":0},"end":{"line":27,"column":null}}},"fnMap":{"0":{"name":"(anonymous_1)","decl":{"start":{"line":26,"column":0},"end":{"line":26,"column":null}},"loc":{"start":{"line":26,"column":0},"end":{"line":28,"column":null}}}},"branchMap":{},"s":{"0":2,"1":1},"f":{"0":1},"b":{}}
,"D:\\GitHub\\vue-project\\src\\components\\molecule\\TaskContainer.vue": {"path":"D:\\GitHub\\vue-project\\src\\components\\molecule\\TaskContainer.vue","statementMap":{"0":{"start":{"line":17,"column":0},"end":{"line":17,"column":null}},"1":{"start":{"line":29,"column":0},"end":{"line":29,"column":null}},"2":{"start":{"line":30,"column":0},"end":{"line":30,"column":null}},"3":{"start":{"line":34,"column":0},"end":{"line":34,"column":null}},"4":{"start":{"line":35,"column":0},"end":{"line":35,"column":null}}},"fnMap":{"0":{"name":"(anonymous_1)","decl":{"start":{"line":28,"column":0},"end":{"line":28,"column":null}},"loc":{"start":{"line":28,"column":0},"end":{"line":31,"column":null}}},"1":{"name":"(anonymous_2)","decl":{"start":{"line":33,"column":0},"end":{"line":33,"column":null}},"loc":{"start":{"line":33,"column":0},"end":{"line":36,"column":null}}}},"branchMap":{},"s":{"0":2,"1":1,"2":1,"3":1,"4":1},"f":{"0":1,"1":1},"b":{}}
,"D:\\GitHub\\vue-project\\src\\components\\organism\\Content.vue": {"path":"D:\\GitHub\\vue-project\\src\\components\\organism\\Content.vue","statementMap":{"0":{"start":{"line":15,"column":0},"end":{"line":15,"column":null}},"1":{"start":{"line":16,"column":0},"end":{"line":16,"column":null}},"2":{"start":{"line":17,"column":0},"end":{"line":17,"column":null}}},"fnMap":{},"branchMap":{},"s":{"0":1,"1":1,"2":1},"f":{},"b":{}}
,"D:\\GitHub\\vue-project\\src\\components\\organism\\Footer.vue": {"path":"D:\\GitHub\\vue-project\\src\\components\\organism\\Footer.vue","statementMap":{"0":{"start":{"line":17,"column":0},"end":{"line":17,"column":null}},"1":{"start":{"line":18,"column":0},"end":{"line":18,"column":null}}},"fnMap":{},"branchMap":{},"s":{"0":1,"1":1},"f":{},"b":{}}
,"D:\\GitHub\\vue-project\\src\\store\\index.js": {"path":"D:\\GitHub\\vue-project\\src\\store\\index.js","statementMap":{"0":{"start":{"line":4,"column":0},"end":{"line":4,"column":14}},"1":{"start":{"line":46,"column":6},"end":{"line":46,"column":28}},"2":{"start":{"line":50,"column":6},"end":{"line":50,"column":28}},"3":{"start":{"line":54,"column":6},"end":{"line":54,"column":35}},"4":{"start":{"line":58,"column":6},"end":{"line":58,"column":62}},"5":{"start":{"line":58,"column":42},"end":{"line":58,"column":53}},"6":{"start":{"line":62,"column":6},"end":{"line":69,"column":7}},"7":{"start":{"line":62,"column":43},"end":{"line":62,"column":53}},"8":{"start":{"line":64,"column":10},"end":{"line":64,"column":60}},"9":{"start":{"line":64,"column":46},"end":{"line":64,"column":58}},"10":{"start":{"line":66,"column":10},"end":{"line":66,"column":59}},"11":{"start":{"line":66,"column":46},"end":{"line":66,"column":57}},"12":{"start":{"line":68,"column":10},"end":{"line":68,"column":32}},"13":{"start":{"line":75,"column":6},"end":{"line":77,"column":8}},"14":{"start":{"line":76,"column":8},"end":{"line":76,"column":59}},"15":{"start":{"line":81,"column":6},"end":{"line":81,"column":39}},"16":{"start":{"line":82,"column":6},"end":{"line":84,"column":7}},"17":{"start":{"line":82,"column":19},"end":{"line":82,"column":20}},"18":{"start":{"line":83,"column":8},"end":{"line":83,"column":37}},"19":{"start":{"line":88,"column":6},"end":{"line":92,"column":9}},"20":{"start":{"line":96,"column":6},"end":{"line":98,"column":8}},"21":{"start":{"line":97,"column":8},"end":{"line":97,"column":77}},"22":{"start":{"line":102,"column":19},"end":{"line":102,"column":49}},"23":{"start":{"line":103,"column":6},"end":{"line":103,"column":43}},"24":{"start":{"line":107,"column":6},"end":{"line":113,"column":7}},"25":{"start":{"line":108,"column":8},"end":{"line":112,"column":9}},"26":{"start":{"line":109,"column":10},"end":{"line":109,"column":68}},"27":{"start":{"line":111,"column":10},"end":{"line":111,"column":42}}},"fnMap":{"0":{"name":"(anonymous_0)","decl":{"start":{"line":45,"column":4},"end":{"line":45,"column":5}},"loc":{"start":{"line":45,"column":20},"end":{"line":47,"column":5}},"line":45},"1":{"name":"(anonymous_1)","decl":{"start":{"line":49,"column":4},"end":{"line":49,"column":5}},"loc":{"start":{"line":49,"column":20},"end":{"line":51,"column":5}},"line":49},"2":{"name":"(anonymous_2)","decl":{"start":{"line":53,"column":4},"end":{"line":53,"column":5}},"loc":{"start":{"line":53,"column":25},"end":{"line":55,"column":5}},"line":53},"3":{"name":"(anonymous_3)","decl":{"start":{"line":57,"column":4},"end":{"line":57,"column":5}},"loc":{"start":{"line":57,"column":30},"end":{"line":59,"column":5}},"line":57},"4":{"name":"(anonymous_4)","decl":{"start":{"line":58,"column":35},"end":{"line":58,"column":36}},"loc":{"start":{"line":58,"column":42},"end":{"line":58,"column":53}},"line":58},"5":{"name":"(anonymous_5)","decl":{"start":{"line":61,"column":4},"end":{"line":61,"column":5}},"loc":{"start":{"line":61,"column":27},"end":{"line":70,"column":5}},"line":61},"6":{"name":"(anonymous_6)","decl":{"start":{"line":62,"column":36},"end":{"line":62,"column":37}},"loc":{"start":{"line":62,"column":43},"end":{"line":62,"column":53}},"line":62},"7":{"name":"(anonymous_7)","decl":{"start":{"line":64,"column":39},"end":{"line":64,"column":40}},"loc":{"start":{"line":64,"column":46},"end":{"line":64,"column":58}},"line":64},"8":{"name":"(anonymous_8)","decl":{"start":{"line":66,"column":39},"end":{"line":66,"column":40}},"loc":{"start":{"line":66,"column":46},"end":{"line":66,"column":57}},"line":66},"9":{"name":"(anonymous_9)","decl":{"start":{"line":74,"column":4},"end":{"line":74,"column":5}},"loc":{"start":{"line":74,"column":32},"end":{"line":78,"column":5}},"line":74},"10":{"name":"(anonymous_10)","decl":{"start":{"line":75,"column":42},"end":{"line":75,"column":43}},"loc":{"start":{"line":76,"column":8},"end":{"line":76,"column":59}},"line":76},"11":{"name":"(anonymous_11)","decl":{"start":{"line":80,"column":4},"end":{"line":80,"column":5}},"loc":{"start":{"line":80,"column":26},"end":{"line":85,"column":5}},"line":80},"12":{"name":"(anonymous_12)","decl":{"start":{"line":87,"column":4},"end":{"line":87,"column":5}},"loc":{"start":{"line":87,"column":25},"end":{"line":93,"column":5}},"line":87},"13":{"name":"(anonymous_13)","decl":{"start":{"line":95,"column":4},"end":{"line":95,"column":5}},"loc":{"start":{"line":95,"column":30},"end":{"line":99,"column":5}},"line":95},"14":{"name":"(anonymous_14)","decl":{"start":{"line":96,"column":42},"end":{"line":96,"column":43}},"loc":{"start":{"line":97,"column":8},"end":{"line":97,"column":77}},"line":97},"15":{"name":"(anonymous_15)","decl":{"start":{"line":101,"column":4},"end":{"line":101,"column":5}},"loc":{"start":{"line":101,"column":20},"end":{"line":104,"column":5}},"line":101},"16":{"name":"(anonymous_16)","decl":{"start":{"line":106,"column":4},"end":{"line":106,"column":5}},"loc":{"start":{"line":106,"column":20},"end":{"line":114,"column":5}},"line":106}},"branchMap":{"0":{"loc":{"start":{"line":62,"column":6},"end":{"line":69,"column":7}},"type":"switch","locations":[{"start":{"line":63,"column":8},"end":{"line":64,"column":60}},{"start":{"line":65,"column":8},"end":{"line":66,"column":59}},{"start":{"line":67,"column":8},"end":{"line":68,"column":32}}],"line":62},"1":{"loc":{"start":{"line":76,"column":8},"end":{"line":76,"column":59}},"type":"cond-expr","locations":[{"start":{"line":76,"column":22},"end":{"line":76,"column":55}},{"start":{"line":76,"column":58},"end":{"line":76,"column":59}}],"line":76},"2":{"loc":{"start":{"line":97,"column":8},"end":{"line":97,"column":77}},"type":"cond-expr","locations":[{"start":{"line":97,"column":25},"end":{"line":97,"column":49}},{"start":{"line":97,"column":52},"end":{"line":97,"column":77}}],"line":97},"3":{"loc":{"start":{"line":107,"column":6},"end":{"line":113,"column":7}},"type":"if","locations":[{"start":{"line":107,"column":6},"end":{"line":113,"column":7}},{"start":{"line":107,"column":6},"end":{"line":113,"column":7}}],"line":107}},"s":{"0":1,"1":1,"2":1,"3":1,"4":1,"5":3,"6":0,"7":0,"8":0,"9":0,"10":0,"11":0,"12":0,"13":0,"14":0,"15":0,"16":0,"17":0,"18":0,"19":0,"20":0,"21":0,"22":0,"23":0,"24":0,"25":0,"26":0,"27":0},"f":{"0":1,"1":1,"2":1,"3":1,"4":3,"5":0,"6":0,"7":0,"8":0,"9":0,"10":0,"11":0,"12":0,"13":0,"14":0,"15":0,"16":0},"b":{"0":[0,0,0],"1":[0,0],"2":[0,0],"3":[0,0]},"_coverageSchema":"43e27e138ebf9cfc5966b082cf9a028302ed4184","hash":"cc5782e66eabb35492c4741694261202b0247b3a"}
,"D:\\GitHub\\vue-project\\tests\\unit\\store\\store.cfg.js": {"path":"D:\\GitHub\\vue-project\\tests\\unit\\store\\store.cfg.js","statementMap":{},"fnMap":{},"branchMap":{},"s":{},"f":{},"b":{},"_coverageSchema":"43e27e138ebf9cfc5966b082cf9a028302ed4184","hash":"2d6bd9f0bf824f7e42c74e838ce0ba84d6bc3de9"}
}
