TN:
SF:D:\GitHub\vue-project\src\components\atom\NewTask.vue
FN:16,(anonymous_1)
FN:25,(anonymous_2)
FNF:2
FNH:2
FNDA:3,(anonymous_1)
FNDA:1,(anonymous_2)
DA:12,2
DA:17,3
DA:26,1
DA:27,1
DA:28,1
LF:5
LH:5
BRF:0
BRH:0
end_of_record
TN:
SF:D:\GitHub\vue-project\src\components\molecule\Radio.vue
FN:26,(anonymous_1)
FNF:1
FNH:1
FNDA:1,(anonymous_1)
DA:15,2
DA:27,1
LF:2
LH:2
BRF:0
BRH:0
end_of_record
TN:
SF:D:\GitHub\vue-project\src\components\molecule\TaskContainer.vue
FN:28,(anonymous_1)
FN:33,(anonymous_2)
FNF:2
FNH:2
FNDA:1,(anonymous_1)
FNDA:1,(anonymous_2)
DA:17,2
DA:29,1
DA:30,1
DA:34,1
DA:35,1
LF:5
LH:5
BRF:0
BRH:0
end_of_record
TN:
SF:D:\GitHub\vue-project\src\components\organism\Content.vue
FNF:0
FNH:0
DA:15,1
DA:16,1
DA:17,1
LF:3
LH:3
BRF:0
BRH:0
end_of_record
TN:
SF:D:\GitHub\vue-project\src\components\organism\Footer.vue
FNF:0
FNH:0
DA:17,1
DA:18,1
LF:2
LH:2
BRF:0
BRH:0
end_of_record
TN:
SF:D:\GitHub\vue-project\src\store\index.js
FN:45,(anonymous_0)
FN:49,(anonymous_1)
FN:53,(anonymous_2)
FN:57,(anonymous_3)
FN:58,(anonymous_4)
FN:61,(anonymous_5)
FN:62,(anonymous_6)
FN:64,(anonymous_7)
FN:66,(anonymous_8)
FN:74,(anonymous_9)
FN:75,(anonymous_10)
FN:80,(anonymous_11)
FN:87,(anonymous_12)
FN:95,(anonymous_13)
FN:96,(anonymous_14)
FN:101,(anonymous_15)
FN:106,(anonymous_16)
FNF:17
FNH:5
FNDA:1,(anonymous_0)
FNDA:1,(anonymous_1)
FNDA:1,(anonymous_2)
FNDA:1,(anonymous_3)
FNDA:3,(anonymous_4)
FNDA:0,(anonymous_5)
FNDA:0,(anonymous_6)
FNDA:0,(anonymous_7)
FNDA:0,(anonymous_8)
FNDA:0,(anonymous_9)
FNDA:0,(anonymous_10)
FNDA:0,(anonymous_11)
FNDA:0,(anonymous_12)
FNDA:0,(anonymous_13)
FNDA:0,(anonymous_14)
FNDA:0,(anonymous_15)
FNDA:0,(anonymous_16)
DA:4,1
DA:46,1
DA:50,1
DA:54,1
DA:58,3
DA:62,0
DA:64,0
DA:66,0
DA:68,0
DA:75,0
DA:76,0
DA:81,0
DA:82,0
DA:83,0
DA:88,0
DA:96,0
DA:97,0
DA:102,0
DA:103,0
DA:107,0
DA:108,0
DA:109,0
DA:111,0
LF:23
LH:5
BRDA:62,0,0,0
BRDA:62,0,1,0
BRDA:62,0,2,0
BRDA:76,1,0,0
BRDA:76,1,1,0
BRDA:97,2,0,0
BRDA:97,2,1,0
BRDA:107,3,0,0
BRDA:107,3,1,0
BRF:9
BRH:0
end_of_record
TN:
SF:D:\GitHub\vue-project\tests\unit\store\store.cfg.js
FNF:0
FNH:0
LF:0
LH:0
BRF:0
BRH:0
end_of_record
