TN:
SF:D:\GitHub\vue-project\src\components\atom\NewTask.vue
FN:16,(anonymous_1)
FN:25,(anonymous_2)
FNF:2
FNH:1
FNDA:2,(anonymous_1)
FNDA:0,(anonymous_2)
DA:12,2
DA:17,2
DA:26,0
DA:27,0
DA:28,0
LF:5
LH:2
BRF:0
BRH:0
end_of_record
TN:
SF:D:\GitHub\vue-project\src\components\molecule\Radio.vue
FN:26,(anonymous_1)
FNF:1
FNH:1
FNDA:1,(anonymous_1)
DA:15,2
DA:27,1
LF:2
LH:2
BRF:0
BRH:0
end_of_record
TN:
SF:D:\GitHub\vue-project\src\components\molecule\TaskContainer.vue
FN:28,(anonymous_1)
FN:33,(anonymous_2)
FNF:2
FNH:2
FNDA:1,(anonymous_1)
FNDA:1,(anonymous_2)
DA:17,2
DA:29,1
DA:30,0
DA:34,1
DA:35,0
LF:5
LH:3
BRF:0
BRH:0
end_of_record
TN:
SF:D:\GitHub\vue-project\src\components\organism\Content.vue
FNF:0
FNH:0
DA:15,1
DA:16,1
DA:17,1
LF:3
LH:3
BRF:0
BRH:0
end_of_record
TN:
SF:D:\GitHub\vue-project\src\components\organism\Footer.vue
FNF:0
FNH:0
DA:17,1
DA:18,1
LF:2
LH:2
BRF:0
BRH:0
end_of_record
